C:\PROJECTS\BI\BI\GENERATEDFILES\QRC_BI.CPP
C:\PROJECTS\BI\BI\GENERATEDFILES\RELEASE\MOC_BI.CPP
C:\PROJECTS\BI\BI\GENERATEDFILES\RELEASE\MOC_SCREEN.CPP
C:\PROJECTS\BI\BI\GENERATEDFILES\RELEASE\MOC_TIPSWND.CPP
C:\PROJECTS\BI\BI\GENERATEDFILES\UI_BI.H
C:\PROJECTS\BI\BI\RELEASE\BI.EXE.INTERMEDIATE.MANIFEST
C:\PROJECTS\BI\BI\RELEASE\BI.OBJ
c:\Projects\BI\BI\Release\cl.command.1.tlog
c:\Projects\BI\BI\Release\CL.read.1.tlog
c:\Projects\BI\BI\Release\CL.write.1.tlog
c:\Projects\BI\BI\Release\custombuild.command.1.tlog
c:\Projects\BI\BI\Release\custombuild.read.1.tlog
c:\Projects\BI\BI\Release\custombuild.write.1.tlog
C:\PROJECTS\BI\BI\RELEASE\GRAPHICSOBJ.OBJ
c:\Projects\BI\BI\Release\link.command.1.tlog
c:\Projects\BI\BI\Release\link.read.1.tlog
c:\Projects\BI\BI\Release\link.write.1.tlog
C:\PROJECTS\BI\BI\RELEASE\MAIN.OBJ
C:\PROJECTS\BI\BI\RELEASE\MATHEM.OBJ
C:\PROJECTS\BI\BI\RELEASE\MISC.OBJ
C:\PROJECTS\BI\BI\RELEASE\MOC_BI.OBJ
C:\PROJECTS\BI\BI\RELEASE\MOC_SCREEN.OBJ
C:\PROJECTS\BI\BI\RELEASE\MOC_TIPSWND.OBJ
c:\Projects\BI\BI\Release\mt.command.1.tlog
c:\Projects\BI\BI\Release\mt.read.1.tlog
c:\Projects\BI\BI\Release\mt.write.1.tlog
C:\PROJECTS\BI\BI\RELEASE\NUMERIC.OBJ
C:\PROJECTS\BI\BI\RELEASE\QRC_BI.OBJ
C:\PROJECTS\BI\BI\RELEASE\RECOGNITION.OBJ
C:\PROJECTS\BI\BI\RELEASE\SCREEN.OBJ
C:\PROJECTS\BI\BI\RELEASE\TIPSPAINTER.OBJ
C:\PROJECTS\BI\BI\RELEASE\TIPSWND.OBJ
C:\PROJECTS\BI\WIN32\RELEASE\BI.EXE
